2024-05-09 02:20:29.741 [info] Log level: Info
2024-05-09 02:20:29.741 [info] Validating found git in: "git"
2024-05-09 02:20:29.741 [info] Using git "2.45.0" from "git"
2024-05-09 02:20:29.741 [info] > git rev-parse --show-toplevel [6ms]
2024-05-09 02:20:29.741 [info] > git rev-parse --git-dir --git-common-dir [1ms]
2024-05-09 02:20:29.741 [info] Open repository: /home/kaiya/rust/ch2_tuple
2024-05-09 02:20:29.746 [info] > git rev-parse --show-toplevel [8ms]
2024-05-09 02:20:29.747 [info] > git config --get commit.template [14ms]
2024-05-09 02:20:29.755 [info] No remotes found in the git config file.
2024-05-09 02:20:29.761 [info] > git for-each-ref --format=%(refname)%00%(upstream:short)%00%(objectname)%00%(upstream:track)%00%(upstream:remotename)%00%(upstream:remoteref) refs/heads/master refs/remotes/master [7ms]
2024-05-09 02:20:29.770 [info] > git rev-parse --show-toplevel [10ms]
2024-05-09 02:20:29.775 [info] > git status -z -uall [7ms]
2024-05-09 02:20:29.785 [info] > git rev-parse --show-toplevel [10ms]
2024-05-09 02:20:29.791 [info] > git config --get commit.template [6ms]
2024-05-09 02:20:29.821 [info] > git rev-parse --show-toplevel [30ms]
2024-05-09 02:20:29.828 [info] No remotes found in the git config file.
2024-05-09 02:20:29.835 [info] > git for-each-ref --format=%(refname)%00%(upstream:short)%00%(objectname)%00%(upstream:track)%00%(upstream:remotename)%00%(upstream:remoteref) refs/heads/master refs/remotes/master [7ms]
2024-05-09 02:20:29.842 [info] > git rev-parse --show-toplevel [9ms]
2024-05-09 02:20:29.870 [info] > git status -z -uall [29ms]
2024-05-09 02:20:29.876 [info] > git rev-parse --show-toplevel [8ms]
2024-05-09 02:20:30.321 [info] > git check-ignore -v -z --stdin [2ms]
2024-05-09 02:20:32.768 [info] No remotes found in the git config file.
2024-05-09 02:20:32.768 [info] > git config --get commit.template [5ms]
2024-05-09 02:20:32.769 [info] > git for-each-ref --format=%(refname)%00%(upstream:short)%00%(objectname)%00%(upstream:track)%00%(upstream:remotename)%00%(upstream:remoteref) refs/heads/master refs/remotes/master [2ms]
2024-05-09 02:20:32.774 [info] > git status -z -uall [1ms]
