pcilib: Error reading /sys/bus/pci/devices/0000:00:08.3/label: Operation not permitted
amdgpu: amdgpu_cs_ctx_create2 failed. (-13)
/bin/sh: line 1: /home/kaiya/.local/share/bin/sleep.sh: Permission denied
grep: /sys/class/power_supply/BAT*/type: No such file or directory

(polkit-gnome-authentication-agent-1:845): Gtk-WARNING **: 10:11:22.519: Theme parsing error: gtk-dark.css:6691:68: Invalid nam
(nm-applet:851): Gtk-WARNING **: 10:11:22.519: Theme parsing error: gtk-dark.css:6691:68: Invalid name of pseudo-class
e of pseudo-class

(waybar:844): Gtk-WARNING **: 10:11:22.519: Theme parsing error: gtk-dark.css:6691:68: Invalid name of pseudo-class

(udiskie:849): Gtk-WARNING **: 10:11:22.523: Theme parsing error: gtk-dark.css:6691:68: Invalid name of pseudo-class

(blueman-applet:847): Gtk-WARNING **: 10:11:22.562: Theme parsing error: gtk-dark.css:6691:68: Invalid name of pseudo-class
blueman-applet 10.11.22 WARNING  PluginManager:93 load_plugin: Failed to start plugin GameControllerWakelock: Only X11 platform is supported
blueman-applet 10.11.22 WARNING  PluginManager:150 __load_plugin: Not loading DhcpClient because its conflict has higher priority
blueman-applet 10.11.22 WARNING  PluginManager:150 __load_plugin: Not loading PPPSupport because its conflict has higher priority
blueman-applet 10.11.22 WARNING  TransferService:212 _make_share_path: Failed to get Download dir from XDG

(udiskie:849): Gtk-CRITICAL **: 10:11:22.687: gtk_widget_get_scale_factor: assertion 'GTK_IS_WIDGET (widget)' failed

(nm-applet:851): Gtk-CRITICAL **: 10:11:22.698: gtk_widget_get_scale_factor: assertion 'GTK_IS_WIDGET (widget)' failed
02:11:22 [0m[34m[INFO] [0m(main) Forced usage of wl_shm format: Xrgb8888
02:11:22 [0m[34m[INFO] [0m(main) Initialization succeeded! Starting main loop...
02:11:22 [0m[33m[WARN] [0m(main) Received transform. We currently ignore those

** (waybar:844): WARNING **: 10:11:22.796: Status Notifier Item with bus name ':1.10' and object path '/org/ayatana/NotificationItem/nm_applet' is already registered
02:11:22 [0m[34m[INFO] [0m(transition) BumpPool with: 1 buffers. Size: 32400Kb
02:11:22 [0m[34m[INFO] [0m(transition) BumpPool with: 2 buffers. Size: 64800Kb

(waybar:844): LIBDBUSMENU-GLIB-WARNING **: 10:11:23.006: Unable to replace properties on 0: Error getting properties for ID

(waybar:844): LIBDBUSMENU-GLIB-WARNING **: 10:11:23.103: Unable to replace properties on 0: Error getting properties for ID
xdg-desktop-portal-kde: no process found
xdg-desktop-portal-lxqt: no process found
xdg-desktop-portal-wlr: no process found
 -> 1 error occurred:
	* request failed: Get "https://aur.archlinux.org/rpc?arg%5B%5D=autojump&arg%5B%5D=cava&arg%5B%5D=cava-debug&arg%5B%5D=downgrade&arg%5B%5D=feishu-bin&arg%5B%5D=gestures&arg%5B%5D=grimblast-git&arg%5B%5D=hyde-cli-git&arg%5B%5D=hyprpicker&arg%5B%5D=hyprpicker-debug&arg%5B%5D=libinput-gestures&arg%5B%5D=netease-cloud-music&arg%5B%5D=netease-cloud-music-debug&arg%5B%5D=oh-my-zsh-git&arg%5B%5D=pokemon-colorscripts-git&arg%5B%5D=python-pyamdgpuinfo&arg%5B%5D=python-pyamdgpuinfo-debug&arg%5B%5D=rofi-lbonn-wayland-git&arg%5B%5D=rofi-lbonn-wayland-git-debug&arg%5B%5D=spicetify-cli&arg%5B%5D=spicetify-cli-debug&arg%5B%5D=spotify&arg%5B%5D=swaylock-effects-git&arg%5B%5D=swaylock-effects-git-debug&arg%5B%5D=swww&arg%5B%5D=swww-debug&arg%5B%5D=trash-cli-git&arg%5B%5D=valkey&arg%5B%5D=valkey-debug&arg%5B%5D=wlogout&arg%5B%5D=wlogout-debug&arg%5B%5D=yay&arg%5B%5D=yay-debug&arg%5B%5D=zsh-theme-powerlevel10k&arg%5B%5D=zsh-theme-powerlevel10k-debug&type=info&v=5": dial tcp: lookup aur.archlinux.org: Temporary failure in name resolution


==> ERROR: Cannot fetch updates

(/usr/lib/xdg-desktop-portal:1436): xdg-desktop-portal-WARNING **: 10:11:26.183: No skeleton to export
[130 10:11:34.599788] [glfw error 65544]: process_desktop_settings: failed with error: [org.freedesktop.DBus.Error.UnknownMethod] No such interface “org.freedesktop.portal.Settings” on object at path /org/freedesktop/portal/desktop
[130 10:12:12.551954] [PARSE ERROR] Unknown DCS escape code: zz
[130 10:12:12.552003] [PARSE ERROR] Unknown CSI code: 'm' with start_modifier: '␀' and end_modifier: '%' and parameters: '0'
[130 10:12:25.588086] [PARSE ERROR] The application is trying to use xterm's modifyOtherKeys. This is superseded by the kitty keyboard protocol: https://sw.kovidgoyal.net/kitty/keyboard-protocol/ the application should be updated to use that
[130 10:12:25.591724] [PARSE ERROR] The application is trying to use xterm's modifyOtherKeys. This is superseded by the kitty keyboard protocol: https://sw.kovidgoyal.net/kitty/keyboard-protocol/ the application should be updated to use that
[130 10:12:25.591754] [PARSE ERROR] The application is trying to use xterm's modifyOtherKeys. This is superseded by the kitty keyboard protocol: https://sw.kovidgoyal.net/kitty/keyboard-protocol/ the application should be updated to use that
nm-applet-Message: 10:12:43.792: No keyring secrets found for SigmaFi/802-11-wireless-security; asking user.
WARNING: No icon found in path: 'nm-signal-100'

(waybar:844): LIBDBUSMENU-GLIB-WARNING **: 10:14:49.786: Unable to replace properties on 0: Error getting properties for ID

(waybar:844): LIBDBUSMENU-GLIB-WARNING **: 10:14:49.886: Unable to replace properties on 0: Error getting properties for ID

(waybar:844): LIBDBUSMENU-GLIB-WARNING **: 10:14:49.987: Unable to replace properties on 0: Error getting properties for ID

(waybar:844): LIBDBUSMENU-GLIB-WARNING **: 10:14:50.188: Unable to replace properties on 0: Error getting properties for ID

(waybar:844): LIBDBUSMENU-GLIB-WARNING **: 10:14:50.288: Unable to replace properties on 0: Error getting properties for ID

(waybar:844): LIBDBUSMENU-GLIB-WARNING **: 10:14:50.388: Unable to replace properties on 0: Error getting properties for ID

(waybar:844): LIBDBUSMENU-GLIB-WARNING **: 10:14:50.590: Unable to replace properties on 0: Error getting properties for ID

(waybar:844): LIBDBUSMENU-GLIB-WARNING **: 10:14:50.890: Unable to replace properties on 0: Error getting properties for ID

(waybar:844): LIBDBUSMENU-GLIB-WARNING **: 10:14:50.992: Unable to replace properties on 0: Error getting properties for ID

(waybar:844): LIBDBUSMENU-GLIB-WARNING **: 10:14:51.094: Unable to replace properties on 0: Error getting properties for ID

(waybar:844): LIBDBUSMENU-GLIB-WARNING **: 10:14:51.094: Unable to replace properties on 3407872: Error getting properties for ID

(waybar:844): LIBDBUSMENU-GLIB-WARNING **: 10:14:51.094: Unable to replace properties on 3473408: Error getting properties for ID

(waybar:844): LIBDBUSMENU-GLIB-WARNING **: 10:14:51.094: Unable to replace properties on 3473664: Error getting properties for ID

(waybar:844): LIBDBUSMENU-GLIB-WARNING **: 10:14:51.094: Unable to replace properties on 3866624: Error getting properties for ID

(waybar:844): LIBDBUSMENU-GLIB-WARNING **: 10:14:51.193: Unable to replace properties on 0: Error getting properties for ID

(waybar:844): LIBDBUSMENU-GLIB-WARNING **: 10:14:51.395: Unable to replace properties on 0: Error getting properties for ID

(waybar:844): LIBDBUSMENU-GLIB-WARNING **: 10:14:51.496: Unable to replace properties on 0: Error getting properties for ID

(waybar:844): LIBDBUSMENU-GLIB-WARNING **: 10:14:51.596: Unable to replace properties on 0: Error getting properties for ID

(waybar:844): LIBDBUSMENU-GLIB-WARNING **: 10:14:51.696: Unable to replace properties on 0: Error getting properties for ID

(waybar:844): LIBDBUSMENU-GLIB-WARNING **: 10:14:51.897: Unable to replace properties on 0: Error getting properties for ID

(waybar:844): LIBDBUSMENU-GLIB-WARNING **: 10:14:52.098: Unable to replace properties on 0: Error getting properties for ID

(waybar:844): LIBDBUSMENU-GLIB-WARNING **: 10:14:52.199: Unable to replace properties on 0: Error getting properties for ID

(waybar:844): LIBDBUSMENU-GLIB-WARNING **: 10:14:52.501: Unable to replace properties on 0: Error getting properties for ID

(waybar:844): LIBDBUSMENU-GLIB-WARNING **: 10:14:52.600: Unable to replace properties on 0: Error getting properties for ID

(waybar:844): LIBDBUSMENU-GLIB-WARNING **: 10:14:52.703: Unable to replace properties on 0: Error getting properties for ID

(waybar:844): LIBDBUSMENU-GLIB-WARNING **: 10:14:53.005: Unable to replace properties on 0: Error getting properties for ID

(waybar:844): LIBDBUSMENU-GLIB-WARNING **: 10:14:54.109: Unable to replace properties on 0: Error getting properties for ID

(waybar:844): LIBDBUSMENU-GLIB-WARNING **: 10:14:54.312: Unable to replace properties on 0: Error getting properties for ID

(waybar:844): LIBDBUSMENU-GLIB-WARNING **: 10:14:54.414: Unable to replace properties on 0: Error getting properties for ID

(waybar:844): LIBDBUSMENU-GLIB-WARNING **: 10:14:54.616: Unable to replace properties on 0: Error getting properties for ID

(waybar:844): LIBDBUSMENU-GLIB-WARNING **: 10:14:54.817: Unable to replace properties on 0: Error getting properties for ID

(waybar:844): LIBDBUSMENU-GLIB-WARNING **: 10:14:54.919: Unable to replace properties on 0: Error getting properties for ID

(waybar:844): LIBDBUSMENU-GLIB-WARNING **: 10:14:55.621: Unable to replace properties on 0: Error getting properties for ID

(waybar:844): LIBDBUSMENU-GLIB-WARNING **: 10:14:55.724: Unable to replace properties on 0: Error getting properties for ID

(waybar:844): LIBDBUSMENU-GLIB-WARNING **: 10:14:55.823: Unable to replace properties on 0: Error getting properties for ID

(waybar:844): LIBDBUSMENU-GLIB-WARNING **: 10:14:56.426: Unable to replace properties on 0: Error getting properties for ID

(waybar:844): LIBDBUSMENU-GLIB-WARNING **: 10:14:56.728: Unable to replace properties on 0: Error getting properties for ID

(waybar:844): LIBDBUSMENU-GLIB-WARNING **: 10:14:57.630: Unable to replace properties on 0: Error getting properties for ID
WARNING: No icon found in path: 'input-keyboard'

(waybar:844): LIBDBUSMENU-GLIB-WARNING **: 10:14:58.936: Unable to replace properties on 0: Error getting properties for ID
WARNING: No icon found in path: 'input-keyboard'

(waybar:844): LIBDBUSMENU-GLIB-WARNING **: 10:15:04.352: Unable to replace properties on 0: Error getting properties for ID

(waybar:844): LIBDBUSMENU-GLIB-WARNING **: 10:15:09.566: Unable to replace properties on 0: Error getting properties for ID

(waybar:844): LIBDBUSMENU-GLIB-WARNING **: 10:15:09.869: Unable to replace properties on 0: Error getting properties for ID

(waybar:844): LIBDBUSMENU-GLIB-WARNING **: 10:15:10.168: Unable to replace properties on 0: Error getting properties for ID

(waybar:844): LIBDBUSMENU-GLIB-WARNING **: 10:15:10.270: Unable to replace properties on 0: Error getting properties for ID

(waybar:844): LIBDBUSMENU-GLIB-WARNING **: 10:15:11.574: Unable to replace properties on 0: Error getting properties for ID

(waybar:844): LIBDBUSMENU-GLIB-WARNING **: 10:15:12.276: Unable to replace properties on 0: Error getting properties for ID

(waybar:844): LIBDBUSMENU-GLIB-WARNING **: 10:15:12.676: Unable to replace properties on 0: Error getting properties for ID

(waybar:844): LIBDBUSMENU-GLIB-WARNING **: 10:15:12.778: Unable to replace properties on 0: Error getting properties for ID

(waybar:844): LIBDBUSMENU-GLIB-WARNING **: 10:15:13.781: Unable to replace properties on 0: Error getting properties for ID

(waybar:844): LIBDBUSMENU-GLIB-WARNING **: 10:15:13.882: Unable to replace properties on 0: Error getting properties for ID

(waybar:844): LIBDBUSMENU-GLIB-WARNING **: 10:15:14.083: Unable to replace properties on 0: Error getting properties for ID
WARNING: No icon found in path: 'input-keyboard'

(waybar:844): LIBDBUSMENU-GLIB-WARNING **: 10:15:14.385: Unable to replace properties on 0: Error getting properties for ID

(waybar:844): LIBDBUSMENU-GLIB-WARNING **: 10:15:14.585: Unable to replace properties on 0: Error getting properties for ID

(waybar:844): LIBDBUSMENU-GLIB-WARNING **: 10:15:14.986: Unable to replace properties on 0: Error getting properties for ID

(waybar:844): LIBDBUSMENU-GLIB-WARNING **: 10:15:15.089: Unable to replace properties on 0: Error getting properties for ID

(waybar:844): LIBDBUSMENU-GLIB-WARNING **: 10:15:15.188: Unable to replace properties on 0: Error getting properties for ID

(waybar:844): LIBDBUSMENU-GLIB-WARNING **: 10:15:15.288: Unable to replace properties on 0: Error getting properties for ID

(waybar:844): LIBDBUSMENU-GLIB-WARNING **: 10:15:15.790: Unable to replace properties on 0: Error getting properties for ID

(waybar:844): LIBDBUSMENU-GLIB-WARNING **: 10:15:16.191: Unable to replace properties on 0: Error getting properties for ID

(waybar:844): LIBDBUSMENU-GLIB-WARNING **: 10:15:16.493: Unable to replace properties on 0: Error getting properties for ID

(waybar:844): LIBDBUSMENU-GLIB-WARNING **: 10:15:17.195: Unable to replace properties on 0: Error getting properties for ID

(waybar:844): LIBDBUSMENU-GLIB-WARNING **: 10:15:17.998: Unable to replace properties on 0: Error getting properties for ID

(waybar:844): LIBDBUSMENU-GLIB-WARNING **: 10:15:18.398: Unable to replace properties on 0: Error getting properties for ID

(waybar:844): LIBDBUSMENU-GLIB-WARNING **: 10:15:18.699: Unable to replace properties on 0: Error getting properties for ID

(waybar:844): LIBDBUSMENU-GLIB-WARNING **: 10:15:19.602: Unable to replace properties on 0: Error getting properties for ID

(waybar:844): LIBDBUSMENU-GLIB-WARNING **: 10:15:21.108: Unable to replace properties on 0: Error getting properties for ID

(waybar:844): LIBDBUSMENU-GLIB-WARNING **: 10:15:21.208: Unable to replace properties on 0: Error getting properties for ID

(waybar:844): LIBDBUSMENU-GLIB-WARNING **: 10:15:22.111: Unable to replace properties on 0: Error getting properties for ID

(waybar:844): LIBDBUSMENU-GLIB-WARNING **: 10:15:22.213: Unable to replace properties on 0: Error getting properties for ID

(waybar:844): LIBDBUSMENU-GLIB-WARNING **: 10:15:23.115: Unable to replace properties on 0: Error getting properties for ID

(waybar:844): LIBDBUSMENU-GLIB-WARNING **: 10:15:25.923: Unable to replace properties on 0: Error getting properties for ID

(waybar:844): LIBDBUSMENU-GLIB-WARNING **: 10:15:26.124: Unable to replace properties on 0: Error getting properties for ID

(waybar:844): LIBDBUSMENU-GLIB-WARNING **: 10:15:27.128: Unable to replace properties on 0: Error getting properties for ID

(waybar:844): LIBDBUSMENU-GLIB-WARNING **: 10:15:28.132: Unable to replace properties on 0: Error getting properties for ID

(waybar:844): LIBDBUSMENU-GLIB-WARNING **: 10:15:28.332: Unable to replace properties on 0: Error getting properties for ID

(waybar:844): LIBDBUSMENU-GLIB-WARNING **: 10:15:28.432: Unable to replace properties on 0: Error getting properties for ID

(waybar:844): LIBDBUSMENU-GLIB-WARNING **: 10:15:40.172: Unable to replace properties on 0: Error getting properties for ID

(waybar:844): LIBDBUSMENU-GLIB-WARNING **: 10:15:40.274: Unable to replace properties on 0: Error getting properties for ID

(waybar:844): LIBDBUSMENU-GLIB-WARNING **: 10:15:41.177: Unable to replace properties on 0: Error getting properties for ID

(waybar:844): LIBDBUSMENU-GLIB-WARNING **: 10:15:42.181: Unable to replace properties on 0: Error getting properties for ID

(waybar:844): LIBDBUSMENU-GLIB-WARNING **: 10:15:43.084: Unable to replace properties on 0: Error getting properties for ID

(waybar:844): LIBDBUSMENU-GLIB-WARNING **: 10:15:43.185: Unable to replace properties on 0: Error getting properties for ID

(waybar:844): LIBDBUSMENU-GLIB-WARNING **: 10:15:44.087: Unable to replace properties on 0: Error getting properties for ID

(waybar:844): LIBDBUSMENU-GLIB-WARNING **: 10:15:45.090: Unable to replace properties on 0: Error getting properties for ID

(waybar:844): LIBDBUSMENU-GLIB-WARNING **: 10:15:45.192: Unable to replace properties on 0: Error getting properties for ID

(waybar:844): LIBDBUSMENU-GLIB-WARNING **: 10:15:46.096: Unable to replace properties on 0: Error getting properties for ID

(waybar:844): LIBDBUSMENU-GLIB-WARNING **: 10:15:46.195: Unable to replace properties on 0: Error getting properties for ID

(waybar:844): LIBDBUSMENU-GLIB-WARNING **: 10:15:46.298: Unable to replace properties on 0: Error getting properties for ID

(waybar:844): LIBDBUSMENU-GLIB-WARNING **: 10:15:47.100: Unable to replace properties on 0: Error getting properties for ID

(waybar:844): LIBDBUSMENU-GLIB-WARNING **: 10:15:47.201: Unable to replace properties on 0: Error getting properties for ID

(waybar:844): LIBDBUSMENU-GLIB-WARNING **: 10:15:48.102: Unable to replace properties on 0: Error getting properties for ID

(waybar:844): LIBDBUSMENU-GLIB-WARNING **: 10:15:48.204: Unable to replace properties on 0: Error getting properties for ID

(waybar:844): LIBDBUSMENU-GLIB-WARNING **: 10:15:49.108: Unable to replace properties on 0: Error getting properties for ID

(waybar:844): LIBDBUSMENU-GLIB-WARNING **: 10:15:49.208: Unable to replace properties on 0: Error getting properties for ID

(waybar:844): LIBDBUSMENU-GLIB-WARNING **: 10:15:50.112: Unable to replace properties on 0: Error getting properties for ID

(waybar:844): LIBDBUSMENU-GLIB-WARNING **: 10:15:50.214: Unable to replace properties on 0: Error getting properties for ID

(waybar:844): LIBDBUSMENU-GLIB-WARNING **: 10:15:56.133: Unable to replace properties on 0: Error getting properties for ID

(waybar:844): LIBDBUSMENU-GLIB-WARNING **: 10:15:56.133: Unable to replace properties on 3407872: Error getting properties for ID

(waybar:844): LIBDBUSMENU-GLIB-WARNING **: 10:15:56.133: Unable to replace properties on 3473408: Error getting properties for ID

(waybar:844): LIBDBUSMENU-GLIB-WARNING **: 10:15:56.133: Unable to replace properties on 3473664: Error getting properties for ID

(waybar:844): LIBDBUSMENU-GLIB-WARNING **: 10:15:56.133: Unable to replace properties on 3473920: Error getting properties for ID

(waybar:844): LIBDBUSMENU-GLIB-WARNING **: 10:15:56.133: Unable to replace properties on 3866624: Error getting properties for ID

(waybar:844): LIBDBUSMENU-GLIB-WARNING **: 10:15:56.233: Unable to replace properties on 0: Error getting properties for ID

(waybar:844): LIBDBUSMENU-GLIB-WARNING **: 10:15:56.335: Unable to replace properties on 0: Error getting properties for ID

(waybar:844): LIBDBUSMENU-GLIB-WARNING **: 10:15:57.138: Unable to replace properties on 0: Error getting properties for ID

(waybar:844): LIBDBUSMENU-GLIB-WARNING **: 10:15:58.143: Unable to replace properties on 0: Error getting properties for ID

(waybar:844): LIBDBUSMENU-GLIB-WARNING **: 10:15:58.245: Unable to replace properties on 0: Error getting properties for ID
WARNING: No icon found in path: 'input-keyboard'

(waybar:844): LIBDBUSMENU-GLIB-WARNING **: 10:25:36.823: Unable to replace properties on 0: Error getting properties for ID
WARNING: No icon found in path: 'input-keyboard'

(waybar:844): LIBDBUSMENU-GLIB-WARNING **: 12:19:59.034: Unable to replace properties on 0: Error getting properties for ID
[130 12:21:40.065902] [PARSE ERROR] Unknown DCS escape code: zz
[130 12:21:40.065950] [PARSE ERROR] Unknown CSI code: 'm' with start_modifier: '␀' and end_modifier: '%' and parameters: '0'
[130 12:22:06.348771] [glfw error 65544]: process_desktop_settings: failed with error: [org.freedesktop.DBus.Error.UnknownMethod] No such interface “org.freedesktop.portal.Settings” on object at path /org/freedesktop/portal/desktop
[130 12:22:11.890748] [PARSE ERROR] Unknown DCS escape code: zz
[130 12:22:11.890771] [PARSE ERROR] Unknown CSI code: 'm' with start_modifier: '␀' and end_modifier: '%' and parameters: '0'
[130 12:22:23.586328] [PARSE ERROR] The application is trying to use xterm's modifyOtherKeys. This is superseded by the kitty keyboard protocol: https://sw.kovidgoyal.net/kitty/keyboard-protocol/ the application should be updated to use that
[130 12:22:23.586381] [PARSE ERROR] The application is trying to use xterm's modifyOtherKeys. This is superseded by the kitty keyboard protocol: https://sw.kovidgoyal.net/kitty/keyboard-protocol/ the application should be updated to use that
[130 12:22:23.586396] [PARSE ERROR] The application is trying to use xterm's modifyOtherKeys. This is superseded by the kitty keyboard protocol: https://sw.kovidgoyal.net/kitty/keyboard-protocol/ the application should be updated to use that
[130 12:22:45.910471] [PARSE ERROR] Unknown DCS escape code: zz
[130 12:22:45.910503] [PARSE ERROR] Unknown CSI code: 'm' with start_modifier: '␀' and end_modifier: '%' and parameters: '0'
[130 12:22:48.032940] [PARSE ERROR] The application is trying to use xterm's modifyOtherKeys. This is superseded by the kitty keyboard protocol: https://sw.kovidgoyal.net/kitty/keyboard-protocol/ the application should be updated to use that
[130 12:22:48.032960] [PARSE ERROR] The application is trying to use xterm's modifyOtherKeys. This is superseded by the kitty keyboard protocol: https://sw.kovidgoyal.net/kitty/keyboard-protocol/ the application should be updated to use that
[130 12:22:48.032964] [PARSE ERROR] The application is trying to use xterm's modifyOtherKeys. This is superseded by the kitty keyboard protocol: https://sw.kovidgoyal.net/kitty/keyboard-protocol/ the application should be updated to use that
The XKEYBOARD keymap compiler (xkbcomp) reports:
> Warning:          Unsupported maximum keycode 708, clipping.
>                   X11 cannot support keycodes above 255.
> Warning:          Could not resolve keysym XF86KbdInputAssistPrevgrou
> Warning:          Could not resolve keysym XF86KbdInputAssistNextgrou
Errors from xkbcomp are not fatal to the X server
[130 12:23:35.882217] [PARSE ERROR] The application is trying to use xterm's modifyOtherKeys. This is superseded by the kitty keyboard protocol: https://sw.kovidgoyal.net/kitty/keyboard-protocol/ the application should be updated to use that
[130 12:23:35.882247] [PARSE ERROR] The application is trying to use xterm's modifyOtherKeys. This is superseded by the kitty keyboard protocol: https://sw.kovidgoyal.net/kitty/keyboard-protocol/ the application should be updated to use that
[130 12:23:35.882257] [PARSE ERROR] The application is trying to use xterm's modifyOtherKeys. This is superseded by the kitty keyboard protocol: https://sw.kovidgoyal.net/kitty/keyboard-protocol/ the application should be updated to use that
WARNING: No icon found in path: 'input-keyboard'

(waybar:844): LIBDBUSMENU-GLIB-WARNING **: 12:36:10.845: Unable to replace properties on 0: Error getting properties for ID
WARNING: No icon found in path: 'input-keyboard'

(waybar:844): LIBDBUSMENU-GLIB-WARNING **: 12:40:00.994: Unable to replace properties on 0: Error getting properties for ID
WARNING: format_string %" is unknown.
WARNING: format_string %" is unknown.
WARNING: format_string %" is unknown.
WARNING: format_string %" is unknown.
[130 12:45:37.757572] [glfw error 65544]: process_desktop_settings: failed with error: [org.freedesktop.DBus.Error.UnknownMethod] No such interface “org.freedesktop.portal.Settings” on object at path /org/freedesktop/portal/desktop

(chromium:158593): Gtk-WARNING **: 12:46:01.519: Theme parsing error: gtk-dark.css:6691:68: Invalid name of pseudo-class
[158593:158616:0509/124601.570213:ERROR:object_proxy.cc(576)] Failed to call method: org.freedesktop.DBus.Properties.Get: object_path= /org/freedesktop/portal/desktop: org.freedesktop.DBus.Error.InvalidArgs: No such interface “org.freedesktop.portal.FileChooser”
[158593:158616:0509/124601.570242:ERROR:select_file_dialog_linux_portal.cc(286)] Failed to read portal version property
[158593:158593:0509/124601.623732:ERROR:chrome_browser_cloud_management_controller.cc(161)] Cloud management controller initialization aborted as CBCM is not enabled. Please use the `--enable-chrome-browser-cloud-management` command line flag to enable it if you are not using the official Google Chrome build.
[130 12:46:11.448361] [glfw error 65544]: process_desktop_settings: failed with error: [org.freedesktop.DBus.Error.UnknownMethod] No such interface “org.freedesktop.portal.Settings” on object at path /org/freedesktop/portal/desktop
[158632:158636:0509/124612.024902:ERROR:ssl_client_socket_impl.cc(879)] handshake failed; returned -1, SSL error code 1, net_error -101
[130 12:46:20.092754] [PARSE ERROR] Unknown DCS escape code: zz
[130 12:46:20.092801] [PARSE ERROR] Unknown CSI code: 'm' with start_modifier: '␀' and end_modifier: '%' and parameters: '0'
[158629:158629:0509/124627.745893:ERROR:gl_surface_presentation_helper.cc(260)] GetVSyncParametersIfAvailable() failed for 1 times!
[158629:158629:0509/124627.749409:ERROR:gl_surface_presentation_helper.cc(260)] GetVSyncParametersIfAvailable() failed for 2 times!
The XKEYBOARD keymap compiler (xkbcomp) reports:
> Warning:          Unsupported maximum keycode 708, clipping.
>                   X11 cannot support keycodes above 255.
> Warning:          Could not resolve keysym XF86KbdInputAssistPrevgrou
> Warning:          Could not resolve keysym XF86KbdInputAssistNextgrou
Errors from xkbcomp are not fatal to the X server
[130 12:46:33.582869] [PARSE ERROR] The application is trying to use xterm's modifyOtherKeys. This is superseded by the kitty keyboard protocol: https://sw.kovidgoyal.net/kitty/keyboard-protocol/ the application should be updated to use that
[130 12:46:33.586424] [PARSE ERROR] The application is trying to use xterm's modifyOtherKeys. This is superseded by the kitty keyboard protocol: https://sw.kovidgoyal.net/kitty/keyboard-protocol/ the application should be updated to use that
[130 12:46:33.586457] [PARSE ERROR] The application is trying to use xterm's modifyOtherKeys. This is superseded by the kitty keyboard protocol: https://sw.kovidgoyal.net/kitty/keyboard-protocol/ the application should be updated to use that
The XKEYBOARD keymap compiler (xkbcomp) reports:
> Warning:          Unsupported maximum keycode 708, clipping.
>                   X11 cannot support keycodes above 255.
> Warning:          Could not resolve keysym XF86KbdInputAssistPrevgrou
> Warning:          Could not resolve keysym XF86KbdInputAssistNextgrou
Errors from xkbcomp are not fatal to the X server
[158632:158636:0509/124636.032255:ERROR:ssl_client_socket_impl.cc(879)] handshake failed; returned -1, SSL error code 1, net_error -101
[130 12:46:39.395648] [PARSE ERROR] Unknown DCS escape code: zz
[130 12:46:39.395695] [PARSE ERROR] Unknown CSI code: 'm' with start_modifier: '␀' and end_modifier: '%' and parameters: '0'
[130 12:46:45.642525] [PARSE ERROR] The application is trying to use xterm's modifyOtherKeys. This is superseded by the kitty keyboard protocol: https://sw.kovidgoyal.net/kitty/keyboard-protocol/ the application should be updated to use that
[130 12:46:45.642569] [PARSE ERROR] The application is trying to use xterm's modifyOtherKeys. This is superseded by the kitty keyboard protocol: https://sw.kovidgoyal.net/kitty/keyboard-protocol/ the application should be updated to use that
[130 12:46:45.642587] [PARSE ERROR] The application is trying to use xterm's modifyOtherKeys. This is superseded by the kitty keyboard protocol: https://sw.kovidgoyal.net/kitty/keyboard-protocol/ the application should be updated to use that
[130 12:46:49.876584] [PARSE ERROR] Unknown DCS escape code: zz
[130 12:46:49.876628] [PARSE ERROR] Unknown CSI code: 'm' with start_modifier: '␀' and end_modifier: '%' and parameters: '0'
[158629:158629:0509/124655.014092:ERROR:gl_surface_presentation_helper.cc(260)] GetVSyncParametersIfAvailable() failed for 3 times!
The XKEYBOARD keymap compiler (xkbcomp) reports:
> Warning:          Unsupported maximum keycode 708, clipping.
>                   X11 cannot support keycodes above 255.
> Warning:          Could not resolve keysym XF86KbdInputAssistPrevgrou
> Warning:          Could not resolve keysym XF86KbdInputAssistNextgrou
Errors from xkbcomp are not fatal to the X server
The XKEYBOARD keymap compiler (xkbcomp) reports:
> Warning:          Unsupported maximum keycode 708, clipping.
>                   X11 cannot support keycodes above 255.
> Warning:          Could not resolve keysym XF86KbdInputAssistPrevgrou
> Warning:          Could not resolve keysym XF86KbdInputAssistNextgrou
Errors from xkbcomp are not fatal to the X server
[130 12:47:01.279355] [PARSE ERROR] The application is trying to use xterm's modifyOtherKeys. This is superseded by the kitty keyboard protocol: https://sw.kovidgoyal.net/kitty/keyboard-protocol/ the application should be updated to use that
[130 12:47:01.282571] [PARSE ERROR] The application is trying to use xterm's modifyOtherKeys. This is superseded by the kitty keyboard protocol: https://sw.kovidgoyal.net/kitty/keyboard-protocol/ the application should be updated to use that
[130 12:47:01.282611] [PARSE ERROR] The application is trying to use xterm's modifyOtherKeys. This is superseded by the kitty keyboard protocol: https://sw.kovidgoyal.net/kitty/keyboard-protocol/ the application should be updated to use that
The XKEYBOARD keymap compiler (xkbcomp) reports:
> Warning:          Unsupported maximum keycode 708, clipping.
>                   X11 cannot support keycodes above 255.
> Warning:          Could not resolve keysym XF86KbdInputAssistPrevgrou
> Warning:          Could not resolve keysym XF86KbdInputAssistNextgrou
Errors from xkbcomp are not fatal to the X server
[158632:158636:0509/124708.404093:ERROR:ssl_client_socket_impl.cc(879)] handshake failed; returned -1, SSL error code 1, net_error -101
[158632:158636:0509/124744.932292:ERROR:ssl_client_socket_impl.cc(879)] handshake failed; returned -1, SSL error code 1, net_error -101
[158632:158636:0509/124744.932495:ERROR:ssl_client_socket_impl.cc(879)] handshake failed; returned -1, SSL error code 1, net_error -101
[130 12:47:54.155818] [PARSE ERROR] Unknown DCS escape code: zz
[130 12:47:54.155864] [PARSE ERROR] Unknown CSI code: 'm' with start_modifier: '␀' and end_modifier: '%' and parameters: '0'
The XKEYBOARD keymap compiler (xkbcomp) reports:
> Warning:          Unsupported maximum keycode 708, clipping.
>                   X11 cannot support keycodes above 255.
> Warning:          Could not resolve keysym XF86KbdInputAssistPrevgrou
> Warning:          Could not resolve keysym XF86KbdInputAssistNextgrou
Errors from xkbcomp are not fatal to the X server
The XKEYBOARD keymap compiler (xkbcomp) reports:
> Warning:          Unsupported maximum keycode 708, clipping.
>                   X11 cannot support keycodes above 255.
> Warning:          Could not resolve keysym XF86KbdInputAssistPrevgrou
> Warning:          Could not resolve keysym XF86KbdInputAssistNextgrou
Errors from xkbcomp are not fatal to the X server
The XKEYBOARD keymap compiler (xkbcomp) reports:
> Warning:          Unsupported maximum keycode 708, clipping.
>                   X11 cannot support keycodes above 255.
> Warning:          Could not resolve keysym XF86KbdInputAssistPrevgrou
> Warning:          Could not resolve keysym XF86KbdInputAssistNextgrou
Errors from xkbcomp are not fatal to the X server
[130 12:48:30.155761] [PARSE ERROR] The application is trying to use xterm's modifyOtherKeys. This is superseded by the kitty keyboard protocol: https://sw.kovidgoyal.net/kitty/keyboard-protocol/ the application should be updated to use that
[130 12:48:30.159063] [PARSE ERROR] The application is trying to use xterm's modifyOtherKeys. This is superseded by the kitty keyboard protocol: https://sw.kovidgoyal.net/kitty/keyboard-protocol/ the application should be updated to use that
[130 12:48:30.159096] [PARSE ERROR] The application is trying to use xterm's modifyOtherKeys. This is superseded by the kitty keyboard protocol: https://sw.kovidgoyal.net/kitty/keyboard-protocol/ the application should be updated to use that
The XKEYBOARD keymap compiler (xkbcomp) reports:
> Warning:          Unsupported maximum keycode 708, clipping.
>                   X11 cannot support keycodes above 255.
> Warning:          Could not resolve keysym XF86KbdInputAssistPrevgrou
> Warning:          Could not resolve keysym XF86KbdInputAssistNextgrou
Errors from xkbcomp are not fatal to the X server
jq: parse error: Expected another key-value pair at line 24, column 1
jq: parse error: Expected another key-value pair at line 24, column 1
04:48:46 [0m[34m[INFO] [0m(transition) BumpPool with: 1 buffers. Size: 64800Kb
04:48:46 [0m[34m[INFO] [0m(transition) BumpPool with: 2 buffers. Size: 64800Kb
jq: parse error: Expected another key-value pair at line 24, column 1
jq: parse error: Expected another key-value pair at line 24, column 1
jq: parse error: Expected another key-value pair at line 24, column 1
jq: parse error: Expected another key-value pair at line 24, column 1
jq: parse error: Expected another key-value pair at line 24, column 1
jq: parse error: Expected another key-value pair at line 24, column 1
jq: parse error: Expected another key-value pair at line 24, column 1
jq: parse error: Expected another key-value pair at line 24, column 1
[130 12:49:07.969524] [PARSE ERROR] Unknown DCS escape code: zz
[130 12:49:07.969567] [PARSE ERROR] Unknown CSI code: 'm' with start_modifier: '␀' and end_modifier: '%' and parameters: '0'
[130 12:49:13.235483] [PARSE ERROR] The application is trying to use xterm's modifyOtherKeys. This is superseded by the kitty keyboard protocol: https://sw.kovidgoyal.net/kitty/keyboard-protocol/ the application should be updated to use that
[130 12:49:13.238633] [PARSE ERROR] The application is trying to use xterm's modifyOtherKeys. This is superseded by the kitty keyboard protocol: https://sw.kovidgoyal.net/kitty/keyboard-protocol/ the application should be updated to use that
[130 12:49:13.238662] [PARSE ERROR] The application is trying to use xterm's modifyOtherKeys. This is superseded by the kitty keyboard protocol: https://sw.kovidgoyal.net/kitty/keyboard-protocol/ the application should be updated to use that
The XKEYBOARD keymap compiler (xkbcomp) reports:
> Warning:          Unsupported maximum keycode 708, clipping.
>                   X11 cannot support keycodes above 255.
> Warning:          Could not resolve keysym XF86KbdInputAssistPrevgrou
> Warning:          Could not resolve keysym XF86KbdInputAssistNextgrou
Errors from xkbcomp are not fatal to the X server
[158632:158636:0509/125233.353307:ERROR:ssl_client_socket_impl.cc(879)] handshake failed; returned -1, SSL error code 1, net_error -101
[158632:158636:0509/125757.615262:ERROR:ssl_client_socket_impl.cc(879)] handshake failed; returned -1, SSL error code 1, net_error -101

(waybar:844): LIBDBUSMENU-GLIB-WARNING **: 12:59:17.883: Unable to replace properties on 0: Error getting properties for ID
[158632:158636:0509/131213.439827:ERROR:ssl_client_socket_impl.cc(879)] handshake failed; returned -1, SSL error code 1, net_error -101
[158632:158636:0509/132120.646169:ERROR:ssl_client_socket_impl.cc(879)] handshake failed; returned -1, SSL error code 1, net_error -101
[158632:158636:0509/132625.310517:ERROR:ssl_client_socket_impl.cc(879)] handshake failed; returned -1, SSL error code 1, net_error -101
[158632:158636:0509/133313.883709:ERROR:ssl_client_socket_impl.cc(879)] handshake failed; returned -1, SSL error code 1, net_error -101
[158632:158636:0509/133313.887431:ERROR:ssl_client_socket_impl.cc(879)] handshake failed; returned -1, SSL error code 1, net_error -101
[158632:158636:0509/134219.907065:ERROR:ssl_client_socket_impl.cc(879)] handshake failed; returned -1, SSL error code 1, net_error -101
[158632:158636:0509/134336.817749:ERROR:ssl_client_socket_impl.cc(879)] handshake failed; returned -1, SSL error code 1, net_error -101
[158632:158636:0509/134340.857761:ERROR:ssl_client_socket_impl.cc(879)] handshake failed; returned -1, SSL error code 1, net_error -101
[158632:158636:0509/134650.477037:ERROR:ssl_client_socket_impl.cc(879)] handshake failed; returned -1, SSL error code 1, net_error -101
[158632:158636:0509/134650.537635:ERROR:ssl_client_socket_impl.cc(879)] handshake failed; returned -1, SSL error code 1, net_error -101

(waybar:844): LIBDBUSMENU-GLIB-WARNING **: 13:53:51.044: Unable to replace properties on 0: Error getting properties for ID
The XKEYBOARD keymap compiler (xkbcomp) reports:
> Warning:          Unsupported maximum keycode 708, clipping.
>                   X11 cannot support keycodes above 255.
> Warning:          Could not resolve keysym XF86KbdInputAssistPrevgrou
> Warning:          Could not resolve keysym XF86KbdInputAssistNextgrou
Errors from xkbcomp are not fatal to the X server
blueman-applet 13.53.51 WARNING  DiscvManager:122 update_menuitems: warning: Adapter is None
blueman-applet 13.53.51 WARNING  DiscvManager:122 update_menuitems: warning: Adapter is None

(waybar:844): LIBDBUSMENU-GLIB-WARNING **: 13:53:51.449: Unable to replace properties on 0: Error getting properties for ID
blueman-applet 13.53.51 WARNING  DiscvManager:122 update_menuitems: warning: Adapter is None
Traceback (most recent call last):
  File "/usr/lib/python3.12/site-packages/blueman/main/Applet.py", line 80, in _on_dbus_name_appeared
    plugin.on_manager_state_changed(self.manager_state)
  File "/usr/lib/python3.12/site-packages/blueman/plugins/applet/AuthAgent.py", line 22, in on_manager_state_changed
    self._agent.register_agent()
  File "/usr/lib/python3.12/site-packages/blueman/main/applet/BluezAgent.py", line 57, in register_agent
    self.register()
  File "/usr/lib/python3.12/site-packages/blueman/main/DbusService.py", line 114, in register
    regid = self._bus.register_object(
            ^^^^^^^^^^^^^^^^^^^^^^^^^^
gi.repository.GLib.GError: g-io-error-quark: An object is already exported for the interface org.bluez.Agent1 at /org/bluez/agent/blueman (2)

(waybar:844): LIBDBUSMENU-GLIB-WARNING **: 13:53:51.548: Unable to replace properties on 0: Error getting properties for ID

(waybar:844): LIBDBUSMENU-GLIB-WARNING **: 13:53:51.647: Unable to replace properties on 0: Error getting properties for ID

(waybar:844): LIBDBUSMENU-GLIB-WARNING **: 13:53:51.748: Unable to replace properties on 0: Error getting properties for ID

** (waybar:844): WARNING **: 13:53:53.001: Status Notifier Item with bus name ':1.10' and object path '/org/ayatana/NotificationItem/nm_applet' is already registered

** (waybar:844): WARNING **: 13:53:53.115: Status Notifier Item with bus name ':1.10' and object path '/org/ayatana/NotificationItem/nm_applet' is already registered

(waybar:844): LIBDBUSMENU-GLIB-WARNING **: 13:53:53.220: Unable to replace properties on 0: Error getting properties for ID
The XKEYBOARD keymap compiler (xkbcomp) reports:
> Warning:          Unsupported maximum keycode 708, clipping.
>                   X11 cannot support keycodes above 255.
> Warning:          Could not resolve keysym XF86KbdInputAssistPrevgrou
> Warning:          Could not resolve keysym XF86KbdInputAssistNextgrou
Errors from xkbcomp are not fatal to the X server
2024-05-09 13:53:56 - [pam.c:105] pam_authenticate failed: invalid credentials
[130 13:55:21.774276] [PARSE ERROR] Unknown DCS escape code: zz
[130 13:55:21.774339] [PARSE ERROR] Unknown CSI code: 'm' with start_modifier: '␀' and end_modifier: '%' and parameters: '0'
[130 13:55:32.079517] [PARSE ERROR] The application is trying to use xterm's modifyOtherKeys. This is superseded by the kitty keyboard protocol: https://sw.kovidgoyal.net/kitty/keyboard-protocol/ the application should be updated to use that
[130 13:55:32.079559] [PARSE ERROR] The application is trying to use xterm's modifyOtherKeys. This is superseded by the kitty keyboard protocol: https://sw.kovidgoyal.net/kitty/keyboard-protocol/ the application should be updated to use that
[130 13:55:32.079573] [PARSE ERROR] The application is trying to use xterm's modifyOtherKeys. This is superseded by the kitty keyboard protocol: https://sw.kovidgoyal.net/kitty/keyboard-protocol/ the application should be updated to use that
[130 13:55:54.214938] [PARSE ERROR] Unknown DCS escape code: zz
[130 13:55:54.214961] [PARSE ERROR] Unknown CSI code: 'm' with start_modifier: '␀' and end_modifier: '%' and parameters: '0'
[130 13:56:09.420020] [PARSE ERROR] The application is trying to use xterm's modifyOtherKeys. This is superseded by the kitty keyboard protocol: https://sw.kovidgoyal.net/kitty/keyboard-protocol/ the application should be updated to use that
[130 13:56:09.427314] [PARSE ERROR] The application is trying to use xterm's modifyOtherKeys. This is superseded by the kitty keyboard protocol: https://sw.kovidgoyal.net/kitty/keyboard-protocol/ the application should be updated to use that
[130 13:56:09.427347] [PARSE ERROR] The application is trying to use xterm's modifyOtherKeys. This is superseded by the kitty keyboard protocol: https://sw.kovidgoyal.net/kitty/keyboard-protocol/ the application should be updated to use that
[130 13:56:09.427362] [PARSE ERROR] The application is trying to use xterm's modifyOtherKeys. This is superseded by the kitty keyboard protocol: https://sw.kovidgoyal.net/kitty/keyboard-protocol/ the application should be updated to use that
[130 13:56:13.044333] [PARSE ERROR] Unknown DCS escape code: zz
[130 13:56:13.044361] [PARSE ERROR] Unknown CSI code: 'm' with start_modifier: '␀' and end_modifier: '%' and parameters: '0'
[130 13:56:28.935779] [PARSE ERROR] The application is trying to use xterm's modifyOtherKeys. This is superseded by the kitty keyboard protocol: https://sw.kovidgoyal.net/kitty/keyboard-protocol/ the application should be updated to use that
[130 13:56:28.935825] [PARSE ERROR] The application is trying to use xterm's modifyOtherKeys. This is superseded by the kitty keyboard protocol: https://sw.kovidgoyal.net/kitty/keyboard-protocol/ the application should be updated to use that
[130 13:56:28.935839] [PARSE ERROR] The application is trying to use xterm's modifyOtherKeys. This is superseded by the kitty keyboard protocol: https://sw.kovidgoyal.net/kitty/keyboard-protocol/ the application should be updated to use that

(waybar:844): LIBDBUSMENU-GLIB-WARNING **: 14:06:32.533: Unable to replace properties on 0: Error getting properties for ID

(waybar:844): LIBDBUSMENU-GLIB-WARNING **: 19:10:14.426: Unable to replace properties on 0: Error getting properties for ID
blueman-applet 19.10.20 WARNING  DiscvManager:122 update_menuitems: warning: Adapter is None
blueman-applet 19.10.20 WARNING  DiscvManager:122 update_menuitems: warning: Adapter is None

(waybar:844): LIBDBUSMENU-GLIB-WARNING **: 19:10:20.042: Unable to replace properties on 0: Error getting properties for ID
blueman-applet 19.10.20 WARNING  DiscvManager:122 update_menuitems: warning: Adapter is None
Traceback (most recent call last):
  File "/usr/lib/python3.12/site-packages/blueman/main/Applet.py", line 80, in _on_dbus_name_appeared
    plugin.on_manager_state_changed(self.manager_state)
  File "/usr/lib/python3.12/site-packages/blueman/plugins/applet/AuthAgent.py", line 22, in on_manager_state_changed
    self._agent.register_agent()
  File "/usr/lib/python3.12/site-packages/blueman/main/applet/BluezAgent.py", line 57, in register_agent
    self.register()
  File "/usr/lib/python3.12/site-packages/blueman/main/DbusService.py", line 114, in register
    regid = self._bus.register_object(
            ^^^^^^^^^^^^^^^^^^^^^^^^^^
gi.repository.GLib.GError: g-io-error-quark: An object is already exported for the interface org.bluez.Agent1 at /org/bluez/agent/blueman (2)

(waybar:844): LIBDBUSMENU-GLIB-WARNING **: 19:10:20.144: Unable to replace properties on 0: Error getting properties for ID

(waybar:844): LIBDBUSMENU-GLIB-WARNING **: 19:10:20.244: Unable to replace properties on 0: Error getting properties for ID

** (waybar:844): WARNING **: 19:10:21.002: Status Notifier Item with bus name ':1.10' and object path '/org/ayatana/NotificationItem/nm_applet' is already registered

** (waybar:844): WARNING **: 19:10:21.109: Status Notifier Item with bus name ':1.10' and object path '/org/ayatana/NotificationItem/nm_applet' is already registered

(waybar:844): LIBDBUSMENU-GLIB-WARNING **: 19:10:37.274: Unable to replace properties on 0: Error getting properties for ID

(waybar:844): LIBDBUSMENU-GLIB-WARNING **: 19:20:39.312: Unable to replace properties on 0: Error getting properties for ID

(waybar:844): LIBDBUSMENU-GLIB-WARNING **: 20:05:06.435: Unable to replace properties on 0: Error getting properties for ID
blueman-applet 20.05.11 WARNING  DiscvManager:122 update_menuitems: warning: Adapter is None
blueman-applet 20.05.11 WARNING  DiscvManager:122 update_menuitems: warning: Adapter is None
blueman-applet 20.05.11 WARNING  DiscvManager:122 update_menuitems: warning: Adapter is None
Traceback (most recent call last):
  File "/usr/lib/python3.12/site-packages/blueman/main/Applet.py", line 80, in _on_dbus_name_appeared
    plugin.on_manager_state_changed(self.manager_state)
  File "/usr/lib/python3.12/site-packages/blueman/plugins/applet/AuthAgent.py", line 22, in on_manager_state_changed
    self._agent.register_agent()
  File "/usr/lib/python3.12/site-packages/blueman/main/applet/BluezAgent.py", line 57, in register_agent
    self.register()
  File "/usr/lib/python3.12/site-packages/blueman/main/DbusService.py", line 114, in register
    regid = self._bus.register_object(
            ^^^^^^^^^^^^^^^^^^^^^^^^^^
gi.repository.GLib.GError: g-io-error-quark: An object is already exported for the interface org.bluez.Agent1 at /org/bluez/agent/blueman (2)

(waybar:844): LIBDBUSMENU-GLIB-WARNING **: 20:05:11.955: Unable to replace properties on 0: Error getting properties for ID

(waybar:844): LIBDBUSMENU-GLIB-WARNING **: 20:05:12.055: Unable to replace properties on 0: Error getting properties for ID

(waybar:844): LIBDBUSMENU-GLIB-WARNING **: 20:05:12.157: Unable to replace properties on 0: Error getting properties for ID

(waybar:844): LIBDBUSMENU-GLIB-WARNING **: 20:05:12.358: Unable to replace properties on 0: Error getting properties for ID

** (waybar:844): WARNING **: 20:05:13.004: Status Notifier Item with bus name ':1.10' and object path '/org/ayatana/NotificationItem/nm_applet' is already registered

** (waybar:844): WARNING **: 20:05:13.118: Status Notifier Item with bus name ':1.10' and object path '/org/ayatana/NotificationItem/nm_applet' is already registered
