2024-05-07 01:05:39.833 [info] Log level: Info
2024-05-07 01:05:39.833 [info] Validating found git in: "git"
2024-05-07 01:05:39.833 [info] Using git "2.45.0" from "git"
2024-05-07 01:05:39.833 [info] > git rev-parse --show-toplevel [7ms]
2024-05-07 01:05:39.833 [info] > git rev-parse --git-dir --git-common-dir [3ms]
2024-05-07 01:05:39.833 [info] Open repository: /home/kaiya/rust/ch2_tuple
2024-05-07 01:05:39.833 [info] > git rev-parse --show-toplevel [2ms]
2024-05-07 01:05:39.833 [info] > git config --get commit.template [8ms]
2024-05-07 01:05:39.841 [info] No remotes found in the git config file.
2024-05-07 01:05:39.850 [info] > git for-each-ref --format=%(refname)%00%(upstream:short)%00%(objectname)%00%(upstream:track)%00%(upstream:remotename)%00%(upstream:remoteref) refs/heads/master refs/remotes/master [10ms]
2024-05-07 01:05:39.862 [info] > git status -z -uall [2ms]
2024-05-07 01:05:39.862 [info] > git rev-parse --show-toplevel [14ms]
2024-05-07 01:05:39.893 [info] > git config --get commit.template [2ms]
2024-05-07 01:05:39.893 [info] > git rev-parse --show-toplevel [13ms]
2024-05-07 01:05:39.907 [info] No remotes found in the git config file.
2024-05-07 01:05:39.913 [info] > git for-each-ref --format=%(refname)%00%(upstream:short)%00%(objectname)%00%(upstream:track)%00%(upstream:remotename)%00%(upstream:remoteref) refs/heads/master refs/remotes/master [6ms]
2024-05-07 01:05:39.922 [info] > git rev-parse --show-toplevel [22ms]
2024-05-07 01:05:39.955 [info] > git status -z -uall [33ms]
2024-05-07 01:05:39.962 [info] > git rev-parse --show-toplevel [16ms]
2024-05-07 01:05:39.998 [info] > git rev-parse --show-toplevel [27ms]
2024-05-07 01:05:40.011 [info] > git rev-parse --show-toplevel [1ms]
2024-05-07 01:05:40.399 [info] > git check-ignore -v -z --stdin [2ms]
2024-05-07 01:05:42.238 [info] No remotes found in the git config file.
2024-05-07 01:05:42.239 [info] > git config --get commit.template [12ms]
2024-05-07 01:05:42.239 [info] > git for-each-ref --format=%(refname)%00%(upstream:short)%00%(objectname)%00%(upstream:track)%00%(upstream:remotename)%00%(upstream:remoteref) refs/heads/master refs/remotes/master [2ms]
2024-05-07 01:05:42.248 [info] > git status -z -uall [3ms]
2024-05-07 01:05:44.221 [info] > git rev-parse --show-toplevel [2ms]
2024-05-07 01:05:58.645 [info] > git rev-parse --show-toplevel [1ms]
2024-05-07 01:06:02.245 [info] > git rev-parse --show-toplevel [1ms]
2024-05-07 01:06:02.251 [info] > git rev-parse --show-toplevel [1ms]
2024-05-07 01:06:05.051 [info] > git rev-parse --show-toplevel [1ms]
2024-05-07 01:06:05.058 [info] > git rev-parse --show-toplevel [1ms]
2024-05-07 01:06:05.245 [info] > git rev-parse --show-toplevel [2ms]
2024-05-07 01:06:05.286 [info] > git rev-parse --show-toplevel [2ms]
