2024-05-07 03:28:00.360 [info] Extension host with pid 2865 started
2024-05-07 03:28:00.360 [info] Skipping acquiring lock for /home/kaiya/.config/Code - OSS/User/workspaceStorage/4cb87937f9681364f7d68a4453ad3603.
2024-05-07 03:28:00.459 [info] ExtensionService#_doActivateExtension vscode.emmet, startup: false, activationEvent: 'onLanguage'
2024-05-07 03:28:00.557 [info] ExtensionService#_doActivateExtension vscode.git-base, startup: true, activationEvent: '*', root cause: vscode.git
2024-05-07 03:28:00.564 [info] Extension host with pid 2926 started
2024-05-07 03:28:00.564 [info] Skipping acquiring lock for /home/kaiya/.config/Code - OSS/User/workspaceStorage/4cb87937f9681364f7d68a4453ad3603.
2024-05-07 03:28:00.564 [info] ExtensionService#_doActivateExtension rust-lang.rust-analyzer, startup: true, activationEvent: 'workspaceContains:Cargo.toml'
2024-05-07 03:28:00.567 [info] Eager extensions activated
2024-05-07 03:28:00.627 [info] ExtensionService#_doActivateExtension asvetliakov.vscode-neovim, startup: false, activationEvent: 'onStartupFinished'
2024-05-07 03:28:00.725 [info] ExtensionService#_doActivateExtension vscode.git, startup: true, activationEvent: '*'
2024-05-07 03:28:00.771 [info] ExtensionService#_doActivateExtension vscode.github, startup: true, activationEvent: '*'
2024-05-07 03:28:01.186 [info] Eager extensions activated
2024-05-07 03:28:01.206 [info] ExtensionService#_doActivateExtension vscode.debug-auto-launch, startup: false, activationEvent: 'onStartupFinished'
2024-05-07 03:28:01.211 [info] ExtensionService#_doActivateExtension vscode.merge-conflict, startup: false, activationEvent: 'onStartupFinished'
2024-05-07 03:28:01.222 [info] ExtensionService#_doActivateExtension usernamehw.errorlens, startup: false, activationEvent: 'onStartupFinished'
2024-05-07 03:28:45.617 [error] Error: nvim_execute_lua: Error executing lua: [string "<nvim>"]:11: Failed to rename buffer
stack traceback:
	[C]: in function 'nvim_buf_set_name'
	[string "<nvim>"]:11: in main chunk
	at /home/kaiya/.vscode-oss/extensions/asvetliakov.vscode-neovim-1.11.1-universal/dist/extension.js:1:58604
	at process.processTicksAndRejections (node:internal/process/task_queues:95:5)
2024-05-07 03:28:45.617 [error] Error: nvim_execute_lua: Error executing lua: [string "<nvim>"]:11: Failed to rename buffer
stack traceback:
	[C]: in function 'nvim_buf_set_name'
	[string "<nvim>"]:11: in main chunk
	at /home/kaiya/.vscode-oss/extensions/asvetliakov.vscode-neovim-1.11.1-universal/dist/extension.js:1:58604
	at process.processTicksAndRejections (node:internal/process/task_queues:95:5)
2024-05-07 03:28:45.617 [error] Error: nvim_execute_lua: Error executing lua: [string "<nvim>"]:11: Failed to rename buffer
stack traceback:
	[C]: in function 'nvim_buf_set_name'
	[string "<nvim>"]:11: in main chunk
	at /home/kaiya/.vscode-oss/extensions/asvetliakov.vscode-neovim-1.11.1-universal/dist/extension.js:1:58604
	at process.processTicksAndRejections (node:internal/process/task_queues:95:5)
2024-05-07 03:28:45.618 [error] Error: nvim_execute_lua: Error executing lua: [string "<nvim>"]:11: Failed to rename buffer
stack traceback:
	[C]: in function 'nvim_buf_set_name'
	[string "<nvim>"]:11: in main chunk
	at /home/kaiya/.vscode-oss/extensions/asvetliakov.vscode-neovim-1.11.1-universal/dist/extension.js:1:58604
	at process.processTicksAndRejections (node:internal/process/task_queues:95:5)
2024-05-07 03:28:45.618 [error] Error: nvim_execute_lua: Error executing lua: [string "<nvim>"]:11: Failed to rename buffer
stack traceback:
	[C]: in function 'nvim_buf_set_name'
	[string "<nvim>"]:11: in main chunk
	at /home/kaiya/.vscode-oss/extensions/asvetliakov.vscode-neovim-1.11.1-universal/dist/extension.js:1:58604
	at process.processTicksAndRejections (node:internal/process/task_queues:95:5)
2024-05-07 03:28:45.618 [error] Error: nvim_execute_lua: Error executing lua: [string "<nvim>"]:11: Failed to rename buffer
stack traceback:
	[C]: in function 'nvim_buf_set_name'
	[string "<nvim>"]:11: in main chunk
	at /home/kaiya/.vscode-oss/extensions/asvetliakov.vscode-neovim-1.11.1-universal/dist/extension.js:1:58604
	at process.processTicksAndRejections (node:internal/process/task_queues:95:5)
2024-05-07 03:28:45.618 [error] Error: nvim_execute_lua: Error executing lua: [string "<nvim>"]:11: Failed to rename buffer
stack traceback:
	[C]: in function 'nvim_buf_set_name'
	[string "<nvim>"]:11: in main chunk
	at /home/kaiya/.vscode-oss/extensions/asvetliakov.vscode-neovim-1.11.1-universal/dist/extension.js:1:58604
	at process.processTicksAndRejections (node:internal/process/task_queues:95:5)
2024-05-07 03:28:45.618 [error] Error: nvim_execute_lua: Error executing lua: [string "<nvim>"]:11: Failed to rename buffer
stack traceback:
	[C]: in function 'nvim_buf_set_name'
	[string "<nvim>"]:11: in main chunk
	at /home/kaiya/.vscode-oss/extensions/asvetliakov.vscode-neovim-1.11.1-universal/dist/extension.js:1:58604
	at process.processTicksAndRejections (node:internal/process/task_queues:95:5)
2024-05-07 03:28:45.618 [error] Error: nvim_execute_lua: Error executing lua: [string "<nvim>"]:11: Failed to rename buffer
stack traceback:
	[C]: in function 'nvim_buf_set_name'
	[string "<nvim>"]:11: in main chunk
	at /home/kaiya/.vscode-oss/extensions/asvetliakov.vscode-neovim-1.11.1-universal/dist/extension.js:1:58604
	at process.processTicksAndRejections (node:internal/process/task_queues:95:5)
2024-05-07 03:28:45.619 [error] Error: nvim_execute_lua: Error executing lua: [string "<nvim>"]:11: Failed to rename buffer
stack traceback:
	[C]: in function 'nvim_buf_set_name'
	[string "<nvim>"]:11: in main chunk
	at /home/kaiya/.vscode-oss/extensions/asvetliakov.vscode-neovim-1.11.1-universal/dist/extension.js:1:58604
	at process.processTicksAndRejections (node:internal/process/task_queues:95:5)
2024-05-07 03:28:45.619 [error] Error: nvim_execute_lua: Error executing lua: [string "<nvim>"]:11: Failed to rename buffer
stack traceback:
	[C]: in function 'nvim_buf_set_name'
	[string "<nvim>"]:11: in main chunk
	at /home/kaiya/.vscode-oss/extensions/asvetliakov.vscode-neovim-1.11.1-universal/dist/extension.js:1:58604
	at process.processTicksAndRejections (node:internal/process/task_queues:95:5)
2024-05-07 03:28:45.619 [error] Error: nvim_execute_lua: Error executing lua: [string "<nvim>"]:11: Failed to rename buffer
stack traceback:
	[C]: in function 'nvim_buf_set_name'
	[string "<nvim>"]:11: in main chunk
	at /home/kaiya/.vscode-oss/extensions/asvetliakov.vscode-neovim-1.11.1-universal/dist/extension.js:1:58604
	at process.processTicksAndRejections (node:internal/process/task_queues:95:5)
2024-05-07 03:28:45.619 [error] Error: nvim_execute_lua: Error executing lua: [string "<nvim>"]:11: Failed to rename buffer
stack traceback:
	[C]: in function 'nvim_buf_set_name'
	[string "<nvim>"]:11: in main chunk
	at /home/kaiya/.vscode-oss/extensions/asvetliakov.vscode-neovim-1.11.1-universal/dist/extension.js:1:58604
	at process.processTicksAndRejections (node:internal/process/task_queues:95:5)
2024-05-07 03:28:45.619 [error] Error: nvim_execute_lua: Error executing lua: [string "<nvim>"]:11: Failed to rename buffer
stack traceback:
	[C]: in function 'nvim_buf_set_name'
	[string "<nvim>"]:11: in main chunk
	at /home/kaiya/.vscode-oss/extensions/asvetliakov.vscode-neovim-1.11.1-universal/dist/extension.js:1:58604
	at process.processTicksAndRejections (node:internal/process/task_queues:95:5)
2024-05-07 03:28:45.619 [error] Error: nvim_execute_lua: Error executing lua: [string "<nvim>"]:11: Failed to rename buffer
stack traceback:
	[C]: in function 'nvim_buf_set_name'
	[string "<nvim>"]:11: in main chunk
	at /home/kaiya/.vscode-oss/extensions/asvetliakov.vscode-neovim-1.11.1-universal/dist/extension.js:1:58604
	at process.processTicksAndRejections (node:internal/process/task_queues:95:5)
2024-05-07 03:28:45.620 [error] Error: nvim_execute_lua: Error executing lua: [string "<nvim>"]:11: Failed to rename buffer
stack traceback:
	[C]: in function 'nvim_buf_set_name'
	[string "<nvim>"]:11: in main chunk
	at /home/kaiya/.vscode-oss/extensions/asvetliakov.vscode-neovim-1.11.1-universal/dist/extension.js:1:58604
	at process.processTicksAndRejections (node:internal/process/task_queues:95:5)
2024-05-07 03:28:45.620 [error] Error: nvim_execute_lua: Error executing lua: [string "<nvim>"]:11: Failed to rename buffer
stack traceback:
	[C]: in function 'nvim_buf_set_name'
	[string "<nvim>"]:11: in main chunk
	at /home/kaiya/.vscode-oss/extensions/asvetliakov.vscode-neovim-1.11.1-universal/dist/extension.js:1:58604
	at process.processTicksAndRejections (node:internal/process/task_queues:95:5)
2024-05-07 03:33:02.721 [info] Extension host terminating: renderer closed the MessagePort
2024-05-07 03:33:02.725 [warning] ExtHostTextEditorOptions 'setCursorStyle' failed:'
2024-05-07 03:33:02.728 [info] Extension host terminating: renderer closed the MessagePort
2024-05-07 03:33:02.728 [warning] Canceled
2024-05-07 03:33:02.729 [info] Extension host with pid 2926 exiting with code 0
2024-05-07 03:33:02.737 [error] Canceled: Canceled
	at new L (/usr/lib/code/out/vs/workbench/api/node/extensionHostProcess.js:143:47131)
	at c.U (/usr/lib/code/out/vs/workbench/api/node/extensionHostProcess.js:150:5542)
	at T.<computed>.z.charCodeAt.T.<computed> (/usr/lib/code/out/vs/workbench/api/node/extensionHostProcess.js:150:2993)
	at r.g (/usr/lib/code/out/vs/workbench/api/node/extensionHostProcess.js:153:189505)
	at r.executeCommand (/usr/lib/code/out/vs/workbench/api/node/extensionHostProcess.js:153:188943)
	at E.registerCommand.description (/usr/lib/code/out/vs/workbench/api/node/extensionHostProcess.js:153:188267)
	at r.h (/usr/lib/code/out/vs/workbench/api/node/extensionHostProcess.js:153:190044)
	at r.g (/usr/lib/code/out/vs/workbench/api/node/extensionHostProcess.js:153:189036)
	at r.executeCommand (/usr/lib/code/out/vs/workbench/api/node/extensionHostProcess.js:153:188943)
	at Object.executeCommand (/usr/lib/code/out/vs/workbench/api/node/extensionHostProcess.js:163:22688)
	at a.O [as value] (/usr/lib/code/extensions/git/dist/main.js:2:945138)
	at o.y (/usr/lib/code/out/vs/workbench/api/node/extensionHostProcess.js:82:660)
	at o.z (/usr/lib/code/out/vs/workbench/api/node/extensionHostProcess.js:82:730)
	at o.fire (/usr/lib/code/out/vs/workbench/api/node/extensionHostProcess.js:82:946)
	at Object.p [as dispose] (/usr/lib/code/extensions/git/dist/main.js:2:964222)
	at /usr/lib/code/extensions/git/dist/main.js:2:970260
	at Array.forEach (<anonymous>)
	at f.dispose (/usr/lib/code/extensions/git/dist/main.js:2:970246)
	at h.<anonymous> (/usr/lib/code/out/vs/workbench/api/node/extensionHostProcess.js:151:3981)
	at h.dispose (/usr/lib/code/out/vs/workbench/api/node/extensionHostProcess.js:151:4078)
	at h.<anonymous> (/usr/lib/code/extensions/git/dist/main.js:2:947395)
	at h.dispose (/usr/lib/code/out/vs/workbench/api/node/extensionHostProcess.js:151:4078)
	at a (/usr/lib/code/out/vs/workbench/api/node/extensionHostProcess.js:30:744)
	at f.eb (/usr/lib/code/out/vs/workbench/api/node/extensionHostProcess.js:159:9946)
	at /usr/lib/code/out/vs/workbench/api/node/extensionHostProcess.js:159:7822
	at Array.map (<anonymous>)
	at f.$ (/usr/lib/code/out/vs/workbench/api/node/extensionHostProcess.js:159:7809)
	at f.terminate (/usr/lib/code/out/vs/workbench/api/node/extensionHostProcess.js:159:8082)
	at a.terminate (/usr/lib/code/out/vs/workbench/api/node/extensionHostProcess.js:163:1513)
	at t (/usr/lib/code/out/vs/workbench/api/node/extensionHostProcess.js:176:9922)
	at MessagePortMain.<anonymous> (/usr/lib/code/out/vs/workbench/api/node/extensionHostProcess.js:176:6347)
	at MessagePortMain.emit (node:events:517:28)
	at MessagePortMain._internalPort.emit (node:electron/js2c/utility_init:2:2285) setContext undefined
2024-05-07 03:33:02.738 [error] Canceled: Canceled
	at new L (/usr/lib/code/out/vs/workbench/api/node/extensionHostProcess.js:143:47131)
	at c.U (/usr/lib/code/out/vs/workbench/api/node/extensionHostProcess.js:150:5542)
	at T.<computed>.z.charCodeAt.T.<computed> (/usr/lib/code/out/vs/workbench/api/node/extensionHostProcess.js:150:2993)
	at r.g (/usr/lib/code/out/vs/workbench/api/node/extensionHostProcess.js:153:189505)
	at r.executeCommand (/usr/lib/code/out/vs/workbench/api/node/extensionHostProcess.js:153:188943)
	at E.registerCommand.description (/usr/lib/code/out/vs/workbench/api/node/extensionHostProcess.js:153:188267)
	at r.h (/usr/lib/code/out/vs/workbench/api/node/extensionHostProcess.js:153:190044)
	at r.g (/usr/lib/code/out/vs/workbench/api/node/extensionHostProcess.js:153:189036)
	at r.executeCommand (/usr/lib/code/out/vs/workbench/api/node/extensionHostProcess.js:153:188943)
	at Object.executeCommand (/usr/lib/code/out/vs/workbench/api/node/extensionHostProcess.js:163:22688)
	at set hasGitHubRepositories [as hasGitHubRepositories] (/usr/lib/code/extensions/github/dist/extension.js:2:322969)
	at /usr/lib/code/extensions/github/dist/extension.js:2:323928
	at a.value (/usr/lib/code/extensions/git/dist/main.js:2:1050711)
	at o.y (/usr/lib/code/out/vs/workbench/api/node/extensionHostProcess.js:82:660)
	at o.z (/usr/lib/code/out/vs/workbench/api/node/extensionHostProcess.js:82:730)
	at o.fire (/usr/lib/code/out/vs/workbench/api/node/extensionHostProcess.js:82:946)
	at Object.p [as dispose] (/usr/lib/code/extensions/git/dist/main.js:2:964222)
	at /usr/lib/code/extensions/git/dist/main.js:2:970260
	at Array.forEach (<anonymous>)
	at f.dispose (/usr/lib/code/extensions/git/dist/main.js:2:970246)
	at h.<anonymous> (/usr/lib/code/out/vs/workbench/api/node/extensionHostProcess.js:151:3981)
	at h.dispose (/usr/lib/code/out/vs/workbench/api/node/extensionHostProcess.js:151:4078)
	at h.<anonymous> (/usr/lib/code/extensions/git/dist/main.js:2:947395)
	at h.dispose (/usr/lib/code/out/vs/workbench/api/node/extensionHostProcess.js:151:4078)
	at a (/usr/lib/code/out/vs/workbench/api/node/extensionHostProcess.js:30:744)
	at f.eb (/usr/lib/code/out/vs/workbench/api/node/extensionHostProcess.js:159:9946)
	at /usr/lib/code/out/vs/workbench/api/node/extensionHostProcess.js:159:7822
	at Array.map (<anonymous>)
	at f.$ (/usr/lib/code/out/vs/workbench/api/node/extensionHostProcess.js:159:7809)
	at f.terminate (/usr/lib/code/out/vs/workbench/api/node/extensionHostProcess.js:159:8082)
	at a.terminate (/usr/lib/code/out/vs/workbench/api/node/extensionHostProcess.js:163:1513)
	at t (/usr/lib/code/out/vs/workbench/api/node/extensionHostProcess.js:176:9922)
	at MessagePortMain.<anonymous> (/usr/lib/code/out/vs/workbench/api/node/extensionHostProcess.js:176:6347)
	at MessagePortMain.emit (node:events:517:28)
	at MessagePortMain._internalPort.emit (node:electron/js2c/utility_init:2:2285) setContext undefined
2024-05-07 03:33:02.738 [error] Canceled: Canceled
	at new L (/usr/lib/code/out/vs/workbench/api/node/extensionHostProcess.js:143:47131)
	at c.U (/usr/lib/code/out/vs/workbench/api/node/extensionHostProcess.js:150:5542)
	at T.<computed>.z.charCodeAt.T.<computed> (/usr/lib/code/out/vs/workbench/api/node/extensionHostProcess.js:150:2993)
	at r.g (/usr/lib/code/out/vs/workbench/api/node/extensionHostProcess.js:153:189505)
	at r.executeCommand (/usr/lib/code/out/vs/workbench/api/node/extensionHostProcess.js:153:188943)
	at E.registerCommand.description (/usr/lib/code/out/vs/workbench/api/node/extensionHostProcess.js:153:188267)
	at r.h (/usr/lib/code/out/vs/workbench/api/node/extensionHostProcess.js:153:190044)
	at r.g (/usr/lib/code/out/vs/workbench/api/node/extensionHostProcess.js:153:189036)
	at r.executeCommand (/usr/lib/code/out/vs/workbench/api/node/extensionHostProcess.js:153:188943)
	at Object.executeCommand (/usr/lib/code/out/vs/workbench/api/node/extensionHostProcess.js:163:22688)
	at af (/home/kaiya/.vscode-oss/extensions/rust-lang.rust-analyzer-0.3.1940-linux-x64/out/main.js:39:71130)
	at Object.fx (/home/kaiya/.vscode-oss/extensions/rust-lang.rust-analyzer-0.3.1940-linux-x64/out/main.js:379:268)
	at f.eb (/usr/lib/code/out/vs/workbench/api/node/extensionHostProcess.js:159:9751)
	at /usr/lib/code/out/vs/workbench/api/node/extensionHostProcess.js:159:7822
	at Array.map (<anonymous>)
	at f.$ (/usr/lib/code/out/vs/workbench/api/node/extensionHostProcess.js:159:7809)
	at f.terminate (/usr/lib/code/out/vs/workbench/api/node/extensionHostProcess.js:159:8082)
	at a.terminate (/usr/lib/code/out/vs/workbench/api/node/extensionHostProcess.js:163:1513)
	at t (/usr/lib/code/out/vs/workbench/api/node/extensionHostProcess.js:176:9922)
	at MessagePortMain.<anonymous> (/usr/lib/code/out/vs/workbench/api/node/extensionHostProcess.js:176:6347)
	at MessagePortMain.emit (node:events:517:28)
	at MessagePortMain._internalPort.emit (node:electron/js2c/utility_init:2:2285) setContext undefined
2024-05-07 03:33:02.738 [error] Canceled: Canceled
	at new L (/usr/lib/code/out/vs/workbench/api/node/extensionHostProcess.js:143:47131)
	at c.U (/usr/lib/code/out/vs/workbench/api/node/extensionHostProcess.js:150:5542)
	at T.<computed>.z.charCodeAt.T.<computed> (/usr/lib/code/out/vs/workbench/api/node/extensionHostProcess.js:150:2993)
	at r.g (/usr/lib/code/out/vs/workbench/api/node/extensionHostProcess.js:153:189505)
	at r.executeCommand (/usr/lib/code/out/vs/workbench/api/node/extensionHostProcess.js:153:188943)
	at E.registerCommand.description (/usr/lib/code/out/vs/workbench/api/node/extensionHostProcess.js:153:188267)
	at r.h (/usr/lib/code/out/vs/workbench/api/node/extensionHostProcess.js:153:190044)
	at r.g (/usr/lib/code/out/vs/workbench/api/node/extensionHostProcess.js:153:189036)
	at r.executeCommand (/usr/lib/code/out/vs/workbench/api/node/extensionHostProcess.js:153:188943)
	at Object.executeCommand (/usr/lib/code/out/vs/workbench/api/node/extensionHostProcess.js:163:22688)
	at af (/home/kaiya/.vscode-oss/extensions/rust-lang.rust-analyzer-0.3.1940-linux-x64/out/main.js:39:71130)
	at Object.fx (/home/kaiya/.vscode-oss/extensions/rust-lang.rust-analyzer-0.3.1940-linux-x64/out/main.js:379:268)
	at f.eb (/usr/lib/code/out/vs/workbench/api/node/extensionHostProcess.js:159:9751)
	at /usr/lib/code/out/vs/workbench/api/node/extensionHostProcess.js:159:7822
	at Array.map (<anonymous>)
	at f.$ (/usr/lib/code/out/vs/workbench/api/node/extensionHostProcess.js:159:7809)
	at f.terminate (/usr/lib/code/out/vs/workbench/api/node/extensionHostProcess.js:159:8082)
	at a.terminate (/usr/lib/code/out/vs/workbench/api/node/extensionHostProcess.js:163:1513)
	at t (/usr/lib/code/out/vs/workbench/api/node/extensionHostProcess.js:176:9922)
	at MessagePortMain.<anonymous> (/usr/lib/code/out/vs/workbench/api/node/extensionHostProcess.js:176:6347)
	at MessagePortMain.emit (node:events:517:28)
	at MessagePortMain._internalPort.emit (node:electron/js2c/utility_init:2:2285)
2024-05-07 03:33:02.738 [info] Extension host with pid 2865 exiting with code 0
